proguard/seeds.txt
com.nostra13.universalimageloader.core.assist.deque.LinkedBlockingDeque$AbstractItr
com.nostra13.universalimageloader.core.assist.deque.LinkedBlockingDeque$AbstractItr: com.nostra13.universalimageloader.core.assist.deque.LinkedBlockingDeque$Node next
com.nostra13.universalimageloader.core.assist.deque.LinkedBlockingDeque$AbstractItr: java.lang.Object nextItem
com.nostra13.universalimageloader.core.assist.deque.LinkedBlockingDeque$AbstractItr: com.nostra13.universalimageloader.core.assist.deque.LinkedBlockingDeque$Node lastRet
com.nostra13.universalimageloader.core.assist.deque.LinkedBlockingDeque$AbstractItr: com.nostra13.universalimageloader.core.assist.deque.LinkedBlockingDeque this$0
com.nostra13.universalimageloader.core.assist.deque.LinkedBlockingDeque$AbstractItr: com.nostra13.universalimageloader.core.assist.deque.LinkedBlockingDeque$Node firstNode()
com.nostra13.universalimageloader.core.assist.deque.LinkedBlockingDeque$AbstractItr: com.nostra13.universalimageloader.core.assist.deque.LinkedBlockingDeque$Node nextNode(com.nostra13.universalimageloader.core.assist.deque.LinkedBlockingDeque$Node)
com.nostra13.universalimageloader.core.assist.deque.LinkedBlockingDeque$AbstractItr: LinkedBlockingDeque$AbstractItr(com.nostra13.universalimageloader.core.assist.deque.LinkedBlockingDeque)
com.nostra13.universalimageloader.core.assist.deque.LinkedBlockingDeque$DescendingItr
com.nostra13.universalimageloader.core.assist.deque.LinkedBlockingDeque$DescendingItr: com.nostra13.universalimageloader.core.assist.deque.LinkedBlockingDeque this$0
com.nostra13.universalimageloader.core.assist.deque.LinkedBlockingDeque$DescendingItr: LinkedBlockingDeque$DescendingItr(com.nostra13.universalimageloader.core.assist.deque.LinkedBlockingDeque)
com.nostra13.universalimageloader.core.assist.deque.LinkedBlockingDeque$DescendingItr: com.nostra13.universalimageloader.core.assist.deque.LinkedBlockingDeque$Node firstNode()
com.nostra13.universalimageloader.core.assist.deque.LinkedBlockingDeque$DescendingItr: com.nostra13.universalimageloader.core.assist.deque.LinkedBlockingDeque$Node nextNode(com.nostra13.universalimageloader.core.assist.deque.LinkedBlockingDeque$Node)
com.nostra13.universalimageloader.core.assist.deque.LinkedBlockingDeque$DescendingItr: LinkedBlockingDeque$DescendingItr(com.nostra13.universalimageloader.core.assist.deque.LinkedBlockingDeque,com.nostra13.universalimageloader.core.assist.deque.LinkedBlockingDeque$1)
com.nostra13.universalimageloader.core.assist.deque.LinkedBlockingDeque$Itr
com.nostra13.universalimageloader.core.assist.deque.LinkedBlockingDeque$Itr: com.nostra13.universalimageloader.core.assist.deque.LinkedBlockingDeque this$0
com.nostra13.universalimageloader.core.assist.deque.LinkedBlockingDeque$Itr: LinkedBlockingDeque$Itr(com.nostra13.universalimageloader.core.assist.deque.LinkedBlockingDeque)
com.nostra13.universalimageloader.core.assist.deque.LinkedBlockingDeque$Itr: com.nostra13.universalimageloader.core.assist.deque.LinkedBlockingDeque$Node firstNode()
com.nostra13.universalimageloader.core.assist.deque.LinkedBlockingDeque$Itr: com.nostra13.universalimageloader.core.assist.deque.LinkedBlockingDeque$Node nextNode(com.nostra13.universalimageloader.core.assist.deque.LinkedBlockingDeque$Node)
com.nostra13.universalimageloader.core.assist.deque.LinkedBlockingDeque$Itr: LinkedBlockingDeque$Itr(com.nostra13.universalimageloader.core.assist.deque.LinkedBlockingDeque,com.nostra13.universalimageloader.core.assist.deque.LinkedBlockingDeque$1)