proguard/mapping.txt
android.support.v4.app.NotificationCompat$NotificationCompatImplHoneycomb -> android.support.v4.app.NotificationCompat$NotificationCompatImplHoneycomb:
    android.app.Notification build(android.support.v4.app.NotificationCompat$Builder) -> build
android.support.v4.app.NotificationCompat$NotificationCompatImplIceCreamSandwich -> android.support.v4.app.NotificationCompat$NotificationCompatImplIceCreamSandwich:
    android.app.Notification build(android.support.v4.app.NotificationCompat$Builder) -> build
android.support.v4.app.NotificationCompat$NotificationCompatImplJellybean -> android.support.v4.app.NotificationCompat$NotificationCompatImplJellybean:
    android.app.Notification build(android.support.v4.app.NotificationCompat$Builder) -> build
android.support.v4.app.NotificationCompat$Style -> android.support.v4.app.NotificationCompat$Style:
    android.support.v4.app.NotificationCompat$Builder mBuilder -> mBuilder
    java.lang.CharSequence mBigContentTitle -> mBigContentTitle
    java.lang.CharSequence mSummaryText -> mSummaryText
    boolean mSummaryTextSet -> mSummaryTextSet
    void setBuilder(android.support.v4.app.NotificationCompat$Builder) -> setBuilder
    android.app.Notification build() -> build
android.support.v4.app.NotificationCompatGingerbread -> android.support.v4.app.NotificationCompatGingerbread:
    android.app.Notification add(android.app.Notification,android.content.Context,java.lang.CharSequence,java.lang.CharSequence,android.app.PendingIntent,android.app.PendingIntent) -> add
android.support.v4.app.NotificationCompatHoneycomb -> android.support.v4.app.NotificationCompatHoneycomb:
    android.app.Notification add(android.content.Context,android.app.Notification,java.lang.CharSequence,java.lang.CharSequence,java.lang.CharSequence,android.widget.RemoteViews,int,android.app.PendingIntent,android.app.PendingIntent,android.graphics.Bitmap) -> add
android.support.v4.app.NotificationCompatIceCreamSandwich -> android.support.v4.app.NotificationCompatIceCreamSandwich:
    android.app.Notification add(android.content.Context,android.app.Notification,java.lang.CharSequence,java.lang.CharSequence,java.lang.CharSequence,android.widget.RemoteViews,int,android.app.PendingIntent,android.app.PendingIntent,android.graphics.Bitmap,int,int,boolean) -> add
android.support.v4.app.NotificationCompatJellybean -> android.support.v4.app.NotificationCompatJellybean:
    android.app.Notification$Builder b -> b
    void addAction(int,java.lang.CharSequence,android.app.PendingIntent) -> addAction
    void addBigTextStyle(java.lang.CharSequence,boolean,java.lang.CharSequence,java.lang.CharSequence) -> addBigTextStyle
    void addBigPictureStyle(java.lang.CharSequence,boolean,java.lang.CharSequence,android.graphics.Bitmap,android.graphics.Bitmap,boolean) -> addBigPictureStyle
    void addInboxStyle(java.lang.CharSequence,boolean,java.lang.CharSequence,java.util.ArrayList) -> addInboxStyle
    android.app.Notification build() -> build
android.support.v4.app.ServiceCompat -> android.support.v4.app.ServiceCompat:
    int START_STICKY -> START_STICKY
android.support.v4.app.ShareCompat -> android.support.v4.app.ShareCompat:
    java.lang.String EXTRA_CALLING_PACKAGE -> EXTRA_CALLING_PACKAGE
    java.lang.String EXTRA_CALLING_ACTIVITY -> EXTRA_CALLING_ACTIVITY
    android.support.v4.app.ShareCompat$ShareCompatImpl IMPL -> IMPL
    java.lang.String getCallingPackage(android.app.Activity) -> getCallingPackage
    android.content.ComponentName getCallingActivity(android.app.Activity) -> getCallingActivity
    void configureMenuItem(android.view.MenuItem,android.support.v4.app.ShareCompat$IntentBuilder) -> configureMenuItem
    void configureMenuItem(android.view.Menu,int,android.support.v4.app.ShareCompat$IntentBuilder) -> configureMenuItem
    android.support.v4.app.ShareCompat$ShareCompatImpl access$000() -> access$000