proguard/usage.txt
android.annotation.SuppressLint
android.annotation.TargetApi
com.devspark.appmsg.AppMsg:
    public static final int LENGTH_SHORT
    public static final int LENGTH_LONG
    public static final int LENGTH_STICKY
    public static final int PRIORITY_LOW
    public static final int PRIORITY_NORMAL
    public static final int PRIORITY_HIGH
    148:148:public static com.devspark.appmsg.AppMsg makeText(android.app.Activity,java.lang.CharSequence,com.devspark.appmsg.AppMsg$Style,android.view.View$OnClickListener)
    161:161:public static com.devspark.appmsg.AppMsg makeText(android.app.Activity,java.lang.CharSequence,com.devspark.appmsg.AppMsg$Style,float)
    175:175:public static com.devspark.appmsg.AppMsg makeText(android.app.Activity,java.lang.CharSequence,com.devspark.appmsg.AppMsg$Style,float,android.view.View$OnClickListener)
    205:208:public static com.devspark.appmsg.AppMsg makeText(android.app.Activity,java.lang.CharSequence,com.devspark.appmsg.AppMsg$Style,int,android.view.View$OnClickListener)
    224:227:public static com.devspark.appmsg.AppMsg makeText(android.app.Activity,java.lang.CharSequence,com.devspark.appmsg.AppMsg$Style,int,float,android.view.View$OnClickListener)
    241:244:public static com.devspark.appmsg.AppMsg makeText(android.app.Activity,java.lang.CharSequence,com.devspark.appmsg.AppMsg$Style,int,float)
    262:262:public static com.devspark.appmsg.AppMsg makeText(android.app.Activity,java.lang.CharSequence,com.devspark.appmsg.AppMsg$Style,android.view.View)
com.devspark.appmsg.AppMsg$Style:
    710:710:public int getDuration()
    717:717:public int getBackground()
com.devspark.appmsg.MsgManager:
    private static final int MESSAGE_DISPLAY
    private static final int MESSAGE_ADD_VIEW
    private static final int MESSAGE_REMOVE
    106:117:static synchronized void clearAll()
itstudio.app.wq.BuildConfig
itstudio.app.wq.R:
    10:10:public R()
itstudio.app.wq.R$anim
itstudio.app.wq.R$attr
itstudio.app.wq.R$color
itstudio.app.wq.R$dimen
itstudio.app.wq.R$drawable
itstudio.app.wq.R$id
itstudio.app.wq.R$layout
itstudio.app.wq.R$string
itstudio.app.wq.R$style
itstudio.app.wq.R$styleable:
    public static final int FlowLayout_horizontalSpacing
    public static final int FlowLayout_verticalSpacing
    public static final int FlowLayout_LayoutParams_layout_breakLine
    public static final int FlowLayout_LayoutParams_layout_horizontalSpacing
    public static final int PagerSlidingTabStrip_pstsDividerColor
    public static final int PagerSlidingTabStrip_pstsDividerPadding
    public static final int PagerSlidingTabStrip_pstsIndicatorColor
    public static final int PagerSlidingTabStrip_pstsIndicatorHeight
    public static final int PagerSlidingTabStrip_pstsScrollOffset
    public static final int PagerSlidingTabStrip_pstsShouldExpand
    public static final int PagerSlidingTabStrip_pstsTabBackground
    public static final int PagerSlidingTabStrip_pstsTabPaddingLeftRight
    public static final int PagerSlidingTabStrip_pstsTextAllCaps
    public static final int PagerSlidingTabStrip_pstsUnderlineColor
    public static final int PagerSlidingTabStrip_pstsUnderlineHeight
    public static final int ProgressWheel_barColor
    public static final int ProgressWheel_barLength
    public static final int ProgressWheel_barWidth
    public static final int ProgressWheel_circleColor
    public static final int ProgressWheel_delayMillis
    public static final int ProgressWheel_radius
    public static final int ProgressWheel_rimColor
    public static final int ProgressWheel_rimWidth
    public static final int ProgressWheel_spinSpeed
itstudio.instructor.adapter.GuidePagerAdapter:
    25:28:public GuidePagerAdapter(java.util.ArrayList)
itstudio.instructor.adapter.MessageAdapter:
    itstudio.instructor.adapter.MessageAdapter$ViewHolder holder
itstudio.instructor.adapter.MyFansAdapter:
    53:61:public void appendToList(java.util.List)